<?xml version="1.0" encoding="UTF-8"?>
<testng-results skipped="0" failed="1" total="1" passed="0">
  <reporter-output>
  </reporter-output>
  <suite name="Default suite" duration-ms="50296" started-at="2016-03-22T15:29:02Z" finished-at="2016-03-22T15:29:52Z">
    <groups>
    </groups>
    <test name="Default test" duration-ms="50296" started-at="2016-03-22T15:29:02Z" finished-at="2016-03-22T15:29:52Z">
      <class name="Pack1.RediffLogin_XLSReader">
        <test-method status="FAIL" signature="RediffLoginXLSreader()[pri:0, instance:Pack1.RediffLogin_XLSReader@3930015a]" name="RediffLoginXLSreader" duration-ms="50215" started-at="2016-03-22T15:29:02Z" finished-at="2016-03-22T15:29:52Z">
          <exception class="org.openqa.selenium.WebDriverException">
            <message>
              <![CDATA[Failed to connect to binary FirefoxBinary(C:\Program Files (x86)\Mozilla Firefox\firefox.exe) on port 7055; process output follows: 
xpi","installDate":1451391616000,"updateDate":1451391616000,"applyBackgroundUpdates":1,"bootstrap":false,"skinnable":false,"size":253134,"sourceURI":null,"releaseNotesURI":null,"softDisabled":false,"foreignInstall":true,"hasBinaryComponents":false,"strictCompatibility":false,"locales":[],"targetApplications":[{"id":"{ec8030f7-c20a-464f-9b0e-13a3a9e97384}","minVersion":"26.0","maxVersion":"44.*"}],"targetPlatforms":[],"multiprocessCompatible":false,"signedState":2,"seen":true}
1458660551107	addons.xpi	DEBUG	Updating XPIState for {"id":"HP.FT.FirefoxAgent.12.51@hp.com","syncGUID":"J6UtvU4P0GJt","location":"winreg-app-global","version":"12.51.4709.0","type":"extension","internalName":null,"updateURL":null,"updateKey":null,"optionsURL":null,"optionsType":null,"aboutURL":null,"icons":{"32":"icon.png","48":"icon.png"},"iconURL":null,"icon64URL":null,"defaultLocale":{"name":"HP Functional Testing Agent","description":"Test Web Applications Using Firefox","creator":null,"homepageURL":null},"visible":true,"active":false,"userDisabled":true,"appDisabled":false,"descriptor":"C:\\Program Files (x86)\\HP\\Unified Functional Testing\\\\Installations\\Firefox\\Agent.xpi","installDate":1453339961918,"updateDate":1453339961918,"applyBackgroundUpdates":1,"bootstrap":true,"skinnable":false,"size":1403959,"sourceURI":null,"releaseNotesURI":null,"softDisabled":false,"foreignInstall":true,"hasBinaryComponents":false,"strictCompatibility":false,"locales":[],"targetApplications":[{"id":"{ec8030f7-c20a-464f-9b0e-13a3a9e97384}","minVersion":"33.0","maxVersion":"44.0"}],"targetPlatforms":[],"multiprocessCompatible":false,"signedState":1,"seen":true}
1458660551108	DeferredSave.extensions.json	DEBUG	Save changes
1458660551108	addons.xpi	DEBUG	Updating database with changes to installed add-ons
1458660551108	addons.xpi-utils	DEBUG	Updating add-on states
1458660551111	addons.xpi-utils	DEBUG	Writing add-ons list
1458660551119	addons.xpi	DEBUG	Registering manifest for C:\Program Files (x86)\Mozilla Firefox\browser\features\loop@mozilla.org.xpi
1458660551123	addons.xpi	DEBUG	Calling bootstrap method startup on loop@mozilla.org version 0.1
1458660551182	addons.manager	DEBUG	Starting provider: <unnamed-provider>
1458660551182	addons.manager	DEBUG	Registering shutdown blocker for <unnamed-provider>
1458660551182	addons.manager	DEBUG	Provider finished startup: <unnamed-provider>
1458660551252	addons.manager	DEBUG	Registering shutdown blocker for XPIProvider
1458660551253	addons.manager	DEBUG	Provider finished startup: XPIProvider
1458660551253	addons.manager	DEBUG	Starting provider: LightweightThemeManager
1458660551253	addons.manager	DEBUG	Registering shutdown blocker for LightweightThemeManager
1458660551253	addons.manager	DEBUG	Provider finished startup: LightweightThemeManager
1458660551254	addons.manager	DEBUG	Starting provider: GMPProvider
1458660551274	addons.manager	DEBUG	Registering shutdown blocker for GMPProvider
1458660551274	addons.manager	DEBUG	Provider finished startup: GMPProvider
1458660551274	addons.manager	DEBUG	Starting provider: PluginProvider
1458660551275	addons.manager	DEBUG	Registering shutdown blocker for PluginProvider
1458660551275	addons.manager	DEBUG	Provider finished startup: PluginProvider
1458660551276	addons.manager	DEBUG	Completed startup sequence
1458660553135	DeferredSave.extensions.json	DEBUG	Starting timer
1458660553260	DeferredSave.extensions.json	DEBUG	Starting write
1458660553683	addons.repository	DEBUG	No addons.json found.
1458660553683	DeferredSave.addons.json	DEBUG	Save changes
1458660553688	DeferredSave.addons.json	DEBUG	Starting timer
1458660554615	addons.manager	DEBUG	Starting provider: PreviousExperimentProvider
1458660554615	addons.manager	DEBUG	Registering shutdown blocker for PreviousExperimentProvider
1458660554615	addons.manager	DEBUG	Provider finished startup: PreviousExperimentProvider
1458660554621	DeferredSave.addons.json	DEBUG	Starting write
1458660554649	DeferredSave.extensions.json	DEBUG	Write succeeded
1458660557450	DeferredSave.addons.json	DEBUG	Write succeeded

Build info: version: '2.48.2', revision: '41bccdd', time: '2015-10-09 19:55:52'
System info: host: 'VJ-PC', ip: '192.168.0.5', os.name: 'Windows 7', os.arch: 'amd64', os.version: '6.1', java.version: '1.8.0_71'
Driver info: driver.version: FirefoxDriver]]>
            </message>
            <full-stacktrace>
              <![CDATA[org.openqa.selenium.WebDriverException: Failed to connect to binary FirefoxBinary(C:\Program Files (x86)\Mozilla Firefox\firefox.exe) on port 7055; process output follows: 
xpi","installDate":1451391616000,"updateDate":1451391616000,"applyBackgroundUpdates":1,"bootstrap":false,"skinnable":false,"size":253134,"sourceURI":null,"releaseNotesURI":null,"softDisabled":false,"foreignInstall":true,"hasBinaryComponents":false,"strictCompatibility":false,"locales":[],"targetApplications":[{"id":"{ec8030f7-c20a-464f-9b0e-13a3a9e97384}","minVersion":"26.0","maxVersion":"44.*"}],"targetPlatforms":[],"multiprocessCompatible":false,"signedState":2,"seen":true}
1458660551107	addons.xpi	DEBUG	Updating XPIState for {"id":"HP.FT.FirefoxAgent.12.51@hp.com","syncGUID":"J6UtvU4P0GJt","location":"winreg-app-global","version":"12.51.4709.0","type":"extension","internalName":null,"updateURL":null,"updateKey":null,"optionsURL":null,"optionsType":null,"aboutURL":null,"icons":{"32":"icon.png","48":"icon.png"},"iconURL":null,"icon64URL":null,"defaultLocale":{"name":"HP Functional Testing Agent","description":"Test Web Applications Using Firefox","creator":null,"homepageURL":null},"visible":true,"active":false,"userDisabled":true,"appDisabled":false,"descriptor":"C:\\Program Files (x86)\\HP\\Unified Functional Testing\\\\Installations\\Firefox\\Agent.xpi","installDate":1453339961918,"updateDate":1453339961918,"applyBackgroundUpdates":1,"bootstrap":true,"skinnable":false,"size":1403959,"sourceURI":null,"releaseNotesURI":null,"softDisabled":false,"foreignInstall":true,"hasBinaryComponents":false,"strictCompatibility":false,"locales":[],"targetApplications":[{"id":"{ec8030f7-c20a-464f-9b0e-13a3a9e97384}","minVersion":"33.0","maxVersion":"44.0"}],"targetPlatforms":[],"multiprocessCompatible":false,"signedState":1,"seen":true}
1458660551108	DeferredSave.extensions.json	DEBUG	Save changes
1458660551108	addons.xpi	DEBUG	Updating database with changes to installed add-ons
1458660551108	addons.xpi-utils	DEBUG	Updating add-on states
1458660551111	addons.xpi-utils	DEBUG	Writing add-ons list
1458660551119	addons.xpi	DEBUG	Registering manifest for C:\Program Files (x86)\Mozilla Firefox\browser\features\loop@mozilla.org.xpi
1458660551123	addons.xpi	DEBUG	Calling bootstrap method startup on loop@mozilla.org version 0.1
1458660551182	addons.manager	DEBUG	Starting provider: <unnamed-provider>
1458660551182	addons.manager	DEBUG	Registering shutdown blocker for <unnamed-provider>
1458660551182	addons.manager	DEBUG	Provider finished startup: <unnamed-provider>
1458660551252	addons.manager	DEBUG	Registering shutdown blocker for XPIProvider
1458660551253	addons.manager	DEBUG	Provider finished startup: XPIProvider
1458660551253	addons.manager	DEBUG	Starting provider: LightweightThemeManager
1458660551253	addons.manager	DEBUG	Registering shutdown blocker for LightweightThemeManager
1458660551253	addons.manager	DEBUG	Provider finished startup: LightweightThemeManager
1458660551254	addons.manager	DEBUG	Starting provider: GMPProvider
1458660551274	addons.manager	DEBUG	Registering shutdown blocker for GMPProvider
1458660551274	addons.manager	DEBUG	Provider finished startup: GMPProvider
1458660551274	addons.manager	DEBUG	Starting provider: PluginProvider
1458660551275	addons.manager	DEBUG	Registering shutdown blocker for PluginProvider
1458660551275	addons.manager	DEBUG	Provider finished startup: PluginProvider
1458660551276	addons.manager	DEBUG	Completed startup sequence
1458660553135	DeferredSave.extensions.json	DEBUG	Starting timer
1458660553260	DeferredSave.extensions.json	DEBUG	Starting write
1458660553683	addons.repository	DEBUG	No addons.json found.
1458660553683	DeferredSave.addons.json	DEBUG	Save changes
1458660553688	DeferredSave.addons.json	DEBUG	Starting timer
1458660554615	addons.manager	DEBUG	Starting provider: PreviousExperimentProvider
1458660554615	addons.manager	DEBUG	Registering shutdown blocker for PreviousExperimentProvider
1458660554615	addons.manager	DEBUG	Provider finished startup: PreviousExperimentProvider
1458660554621	DeferredSave.addons.json	DEBUG	Starting write
1458660554649	DeferredSave.extensions.json	DEBUG	Write succeeded
1458660557450	DeferredSave.addons.json	DEBUG	Write succeeded

Build info: version: '2.48.2', revision: '41bccdd', time: '2015-10-09 19:55:52'
System info: host: 'VJ-PC', ip: '192.168.0.5', os.name: 'Windows 7', os.arch: 'amd64', os.version: '6.1', java.version: '1.8.0_71'
Driver info: driver.version: FirefoxDriver
	at org.openqa.selenium.firefox.internal.NewProfileExtensionConnection.start(NewProfileExtensionConnection.java:134)
	at org.openqa.selenium.firefox.FirefoxDriver.startClient(FirefoxDriver.java:271)
	at org.openqa.selenium.remote.RemoteWebDriver.<init>(RemoteWebDriver.java:117)
	at org.openqa.selenium.firefox.FirefoxDriver.<init>(FirefoxDriver.java:218)
	at org.openqa.selenium.firefox.FirefoxDriver.<init>(FirefoxDriver.java:211)
	at org.openqa.selenium.firefox.FirefoxDriver.<init>(FirefoxDriver.java:207)
	at org.openqa.selenium.firefox.FirefoxDriver.<init>(FirefoxDriver.java:120)
	at Pack1.RediffLogin_XLSReader.RediffLoginXLSreader(RediffLogin_XLSReader.java:16)
	at sun.reflect.NativeMethodAccessorImpl.invoke0(Native Method)
	at sun.reflect.NativeMethodAccessorImpl.invoke(Unknown Source)
	at sun.reflect.DelegatingMethodAccessorImpl.invoke(Unknown Source)
	at java.lang.reflect.Method.invoke(Unknown Source)
	at org.testng.internal.MethodInvocationHelper.invokeMethod(MethodInvocationHelper.java:84)
	at org.testng.internal.Invoker.invokeMethod(Invoker.java:714)
	at org.testng.internal.Invoker.invokeTestMethod(Invoker.java:901)
	at org.testng.internal.Invoker.invokeTestMethods(Invoker.java:1231)
	at org.testng.internal.TestMethodWorker.invokeTestMethods(TestMethodWorker.java:127)
	at org.testng.internal.TestMethodWorker.run(TestMethodWorker.java:111)
	at org.testng.TestRunner.privateRun(TestRunner.java:767)
	at org.testng.TestRunner.run(TestRunner.java:617)
	at org.testng.SuiteRunner.runTest(SuiteRunner.java:334)
	at org.testng.SuiteRunner.runSequentially(SuiteRunner.java:329)
	at org.testng.SuiteRunner.privateRun(SuiteRunner.java:291)
	at org.testng.SuiteRunner.run(SuiteRunner.java:240)
	at org.testng.SuiteRunnerWorker.runSuite(SuiteRunnerWorker.java:52)
	at org.testng.SuiteRunnerWorker.run(SuiteRunnerWorker.java:86)
	at org.testng.TestNG.runSuitesSequentially(TestNG.java:1224)
	at org.testng.TestNG.runSuitesLocally(TestNG.java:1149)
	at org.testng.TestNG.run(TestNG.java:1057)
	at org.testng.remote.RemoteTestNG.run(RemoteTestNG.java:111)
	at org.testng.remote.RemoteTestNG.initAndRun(RemoteTestNG.java:204)
	at org.testng.remote.RemoteTestNG.main(RemoteTestNG.java:175)
Caused by: org.openqa.selenium.firefox.NotConnectedException: Unable to connect to host 127.0.0.1 on port 7055 after 45000 ms. Firefox console output:
xpi","installDate":1451391616000,"updateDate":1451391616000,"applyBackgroundUpdates":1,"bootstrap":false,"skinnable":false,"size":253134,"sourceURI":null,"releaseNotesURI":null,"softDisabled":false,"foreignInstall":true,"hasBinaryComponents":false,"strictCompatibility":false,"locales":[],"targetApplications":[{"id":"{ec8030f7-c20a-464f-9b0e-13a3a9e97384}","minVersion":"26.0","maxVersion":"44.*"}],"targetPlatforms":[],"multiprocessCompatible":false,"signedState":2,"seen":true}
1458660551107	addons.xpi	DEBUG	Updating XPIState for {"id":"HP.FT.FirefoxAgent.12.51@hp.com","syncGUID":"J6UtvU4P0GJt","location":"winreg-app-global","version":"12.51.4709.0","type":"extension","internalName":null,"updateURL":null,"updateKey":null,"optionsURL":null,"optionsType":null,"aboutURL":null,"icons":{"32":"icon.png","48":"icon.png"},"iconURL":null,"icon64URL":null,"defaultLocale":{"name":"HP Functional Testing Agent","description":"Test Web Applications Using Firefox","creator":null,"homepageURL":null},"visible":true,"active":false,"userDisabled":true,"appDisabled":false,"descriptor":"C:\\Program Files (x86)\\HP\\Unified Functional Testing\\\\Installations\\Firefox\\Agent.xpi","installDate":1453339961918,"updateDate":1453339961918,"applyBackgroundUpdates":1,"bootstrap":true,"skinnable":false,"size":1403959,"sourceURI":null,"releaseNotesURI":null,"softDisabled":false,"foreignInstall":true,"hasBinaryComponents":false,"strictCompatibility":false,"locales":[],"targetApplications":[{"id":"{ec8030f7-c20a-464f-9b0e-13a3a9e97384}","minVersion":"33.0","maxVersion":"44.0"}],"targetPlatforms":[],"multiprocessCompatible":false,"signedState":1,"seen":true}
1458660551108	DeferredSave.extensions.json	DEBUG	Save changes
1458660551108	addons.xpi	DEBUG	Updating database with changes to installed add-ons
1458660551108	addons.xpi-utils	DEBUG	Updating add-on states
1458660551111	addons.xpi-utils	DEBUG	Writing add-ons list
1458660551119	addons.xpi	DEBUG	Registering manifest for C:\Program Files (x86)\Mozilla Firefox\browser\features\loop@mozilla.org.xpi
1458660551123	addons.xpi	DEBUG	Calling bootstrap method startup on loop@mozilla.org version 0.1
1458660551182	addons.manager	DEBUG	Starting provider: <unnamed-provider>
1458660551182	addons.manager	DEBUG	Registering shutdown blocker for <unnamed-provider>
1458660551182	addons.manager	DEBUG	Provider finished startup: <unnamed-provider>
1458660551252	addons.manager	DEBUG	Registering shutdown blocker for XPIProvider
1458660551253	addons.manager	DEBUG	Provider finished startup: XPIProvider
1458660551253	addons.manager	DEBUG	Starting provider: LightweightThemeManager
1458660551253	addons.manager	DEBUG	Registering shutdown blocker for LightweightThemeManager
1458660551253	addons.manager	DEBUG	Provider finished startup: LightweightThemeManager
1458660551254	addons.manager	DEBUG	Starting provider: GMPProvider
1458660551274	addons.manager	DEBUG	Registering shutdown blocker for GMPProvider
1458660551274	addons.manager	DEBUG	Provider finished startup: GMPProvider
1458660551274	addons.manager	DEBUG	Starting provider: PluginProvider
1458660551275	addons.manager	DEBUG	Registering shutdown blocker for PluginProvider
1458660551275	addons.manager	DEBUG	Provider finished startup: PluginProvider
1458660551276	addons.manager	DEBUG	Completed startup sequence
1458660553135	DeferredSave.extensions.json	DEBUG	Starting timer
1458660553260	DeferredSave.extensions.json	DEBUG	Starting write
1458660553683	addons.repository	DEBUG	No addons.json found.
1458660553683	DeferredSave.addons.json	DEBUG	Save changes
1458660553688	DeferredSave.addons.json	DEBUG	Starting timer
1458660554615	addons.manager	DEBUG	Starting provider: PreviousExperimentProvider
1458660554615	addons.manager	DEBUG	Registering shutdown blocker for PreviousExperimentProvider
1458660554615	addons.manager	DEBUG	Provider finished startup: PreviousExperimentProvider
1458660554621	DeferredSave.addons.json	DEBUG	Starting write
1458660554649	DeferredSave.extensions.json	DEBUG	Write succeeded
1458660557450	DeferredSave.addons.json	DEBUG	Write succeeded

	at org.openqa.selenium.firefox.internal.NewProfileExtensionConnection.start(NewProfileExtensionConnection.java:122)
	... 31 more
]]>
            </full-stacktrace>
          </exception> <!-- org.openqa.selenium.WebDriverException -->
          <reporter-output>
          </reporter-output>
        </test-method> <!-- RediffLoginXLSreader -->
      </class> <!-- Pack1.RediffLogin_XLSReader -->
    </test> <!-- Default test -->
  </suite> <!-- Default suite -->
</testng-results>
